<?xml version="1.0" encoding="UTF-8"?>
<testsuite xmlns:xsi="http://www.w3.org/2001/XMLSchema-instance" xsi:noNamespaceSchemaLocation="https://maven.apache.org/surefire/maven-surefire-plugin/xsd/surefire-test-report.xsd" name="guru.sfg.brewery.web.controllers.BeerControllerTest" time="1.497" tests="6" errors="0" skipped="0" failures="0">
  <properties>
[...]
</properties>
  <testcase name="processUpdationForm" classname="guru.sfg.brewery.web.controllers.BeerControllerTest" time="0.944"/>
  <testcase name="initUpdateBeerForm" classname="guru.sfg.brewery.web.controllers.BeerControllerTest" time="0.106"/>
  <testcase name="showBeer" classname="guru.sfg.brewery.web.controllers.BeerControllerTest" time="0.085"/>
  <testcase name="findBeers" classname="guru.sfg.brewery.web.controllers.BeerControllerTest" time="0.074"/>
  <testcase name="processCreationForm" classname="guru.sfg.brewery.web.controllers.BeerControllerTest" time="0.089"/>
  <testcase name="initCreationForm" classname="guru.sfg.brewery.web.controllers.BeerControllerTest" time="0.123"/>
</testsuite>